13-11-2023 21:43:09 -- CON_DB::::Conected successfully to localhost/mysql:3308
13-11-2023 21:44:05 -- CON_DB::::Conected successfully to localhost/mysql:3308
13-11-2023 21:44:05 -- CON_DB::::Conected successfully to localhost/mysql:3308
13-11-2023 21:44:06 -- CON_DB::::Conected successfully to localhost/mysql:3308
13-11-2023 21:44:37 -- CON_DB::::Conected successfully to localhost/mysql:3308
13-11-2023 21:44:41 -- CON_DB::::Conected successfully to localhost/mysql:3308
13-11-2023 21:45:04 -- CON_DB::::Conected successfully to localhost/mysql:3308
13-11-2023 21:45:33 -- CON_DB::::Conected successfully to localhost/mysql:3308
13-11-2023 21:45:36 -- CON_DB::::Conected successfully to localhost/mysql:3308
13-11-2023 21:45:38 -- CON_DB::::Conected successfully to localhost/mysql:3308
13-11-2023 21:46:10 -- CON_DB::::Conected successfully to localhost/mysql:3308
13-11-2023 21:46:10 -- CON_DB::::Conected successfully to localhost/mysql:3308
13-11-2023 21:46:10 -- CON_DB::::Conected successfully to localhost/mysql:3308
13-11-2023 21:46:12 -- CON_DB::::Conected successfully to localhost/mysql:3308
13-11-2023 21:46:15 -- CON_DB::::Conected successfully to localhost/mysql:3308
13-11-2023 21:46:16 -- CON_DB::::Conected successfully to localhost/mysql:3308
13-11-2023 21:46:17 -- CON_DB::::Conected successfully to localhost/mysql:3308
13-11-2023 21:46:19 -- CON_DB::::Conected successfully to localhost/mysql:3308
13-11-2023 21:46:20 -- CON_DB::::Conected successfully to localhost/mysql:3308
13-11-2023 21:46:20 -- CON_DB::::Conected successfully to localhost/mysql:3308
13-11-2023 21:46:23 -- CON_DB::::Conected successfully to localhost/mysql:3308
13-11-2023 21:46:25 -- CON_DB::::Conected successfully to localhost/mysql:3308
13-11-2023 21:46:43 -- CON_DB::::Conected successfully to localhost/mysql:3308
13-11-2023 21:46:44 -- CON_DB::::Conected successfully to localhost/mysql:3308
13-11-2023 21:46:48 -- CON_DB::::Conected successfully to localhost/mysql:3308
13-11-2023 21:46:59 -- CON_DB::::Conected successfully to localhost/mysql:3308
13-11-2023 21:47:18 -- CON_DB::::Conected successfully to localhost/mysql:3308
13-11-2023 21:47:21 -- CON_DB::::Conected successfully to localhost/mysql:3308
13-11-2023 21:48:15 -- CON_DB::::Conected successfully to localhost/mysql:3308
13-11-2023 21:48:16 -- CON_DB::::Conected successfully to localhost/mysql:3308
13-11-2023 21:48:31 -- CON_DB::::Conected successfully to localhost/mysql:3308
13-11-2023 21:48:33 -- CON_DB::::Conected successfully to localhost/mysql:3308
13-11-2023 21:48:34 -- CON_DB::::Conected successfully to localhost/mysql:3308
13-11-2023 21:48:36 -- CON_DB::::Conected successfully to localhost/mysql:3308
13-11-2023 21:48:37 -- CON_DB::::Conected successfully to localhost/mysql:3308
13-11-2023 21:48:38 -- CON_DB::::Conected successfully to localhost/mysql:3308
13-11-2023 21:48:41 -- CON_DB::::Conected successfully to localhost/mysql:3308
13-11-2023 21:48:42 -- CON_DB::::Conected successfully to localhost/mysql:3308
13-11-2023 21:49:26 -- CON_DB::::Conected successfully to localhost/mysql:3308
13-11-2023 21:49:27 -- CON_DB::::Conected successfully to localhost/mysql:3308
13-11-2023 21:49:30 -- CON_DB::::Conected successfully to localhost/mysql:3308
13-11-2023 21:49:33 -- CON_DB::::Conected successfully to localhost/mysql:3308
13-11-2023 21:49:37 -- CON_DB::::Conected successfully to localhost/mysql:3308
13-11-2023 21:49:40 -- CON_DB::::Conected successfully to localhost/mysql:3308
13-11-2023 21:49:43 -- CON_DB::::Conected successfully to localhost/mysql:3308
13-11-2023 21:50:01 -- CON_DB::::Conected successfully to localhost/mysql:3308
13-11-2023 21:50:24 -- CON_DB::::Conected successfully to localhost/mysql:3308
13-11-2023 21:50:25 -- CON_DB::::Conected successfully to localhost/mysql:3308
13-11-2023 21:50:26 -- CON_DB::::Conected successfully to localhost/mysql:3308
13-11-2023 21:50:27 -- CON_DB::::Conected successfully to localhost/mysql:3308
13-11-2023 21:50:29 -- CON_DB::::Conected successfully to localhost/mysql:3308
13-11-2023 21:50:33 -- CON_DB::::Conected successfully to localhost/mysql:3308
13-11-2023 21:50:40 -- CON_DB::::Conected successfully to localhost/mysql:3308
13-11-2023 21:50:42 -- CON_DB::::Conected successfully to localhost/mysql:3308
13-11-2023 21:50:58 -- CON_DB::::Conected successfully to localhost/mysql:3308
13-11-2023 21:50:59 -- CON_DB::::Conected successfully to localhost/mysql:3308
13-11-2023 21:51:01 -- CON_DB::::Conected successfully to localhost/mysql:3308
13-11-2023 21:51:03 -- CON_DB::::Conected successfully to localhost/mysql:3308
13-11-2023 21:51:09 -- CON_DB::::Conected successfully to localhost/mysql:3308
13-11-2023 21:51:13 -- CON_DB::::Conected successfully to localhost/mysql:3308
13-11-2023 21:51:36 -- CON_DB::::Conected successfully to localhost/mysql:3308
13-11-2023 21:51:39 -- CON_DB::::Conected successfully to localhost/mysql:3308
13-11-2023 21:51:40 -- CON_DB::::Conected successfully to localhost/mysql:3308
13-11-2023 21:51:41 -- CON_DB::::Conected successfully to localhost/mysql:3308
13-11-2023 21:51:45 -- CON_DB::::Conected successfully to localhost/mysql:3308
13-11-2023 21:51:46 -- CON_DB::::Conected successfully to localhost/mysql:3308
13-11-2023 21:51:57 -- CON_DB::::Conected successfully to localhost/mysql:3308
13-11-2023 21:52:00 -- CON_DB::::Conected successfully to localhost/mysql:3308
13-11-2023 21:52:01 -- CON_DB::::Conected successfully to localhost/mysql:3308
13-11-2023 21:52:03 -- CON_DB::::Conected successfully to localhost/mysql:3308
13-11-2023 21:52:06 -- CON_DB::::Conected successfully to localhost/mysql:3308
13-11-2023 21:52:08 -- CON_DB::::Conected successfully to localhost/mysql:3308
13-11-2023 21:52:13 -- CON_DB::::Conected successfully to localhost/mysql:3308
13-11-2023 21:52:15 -- CON_DB::::Conected successfully to localhost/mysql:3308
13-11-2023 21:52:16 -- CON_DB::::Conected successfully to localhost/mysql:3308
13-11-2023 21:52:20 -- CON_DB::::Conected successfully to localhost/mysql:3308
13-11-2023 21:52:20 -- CON_DB::::Conected successfully to localhost/mysql:3308
13-11-2023 21:52:22 -- CON_DB::::Conected successfully to localhost/mysql:3308
13-11-2023 21:52:29 -- CON_DB::::Conected successfully to localhost/mysql:3308
13-11-2023 21:52:29 -- CON_DB::::Conected successfully to localhost/mysql:3308
13-11-2023 21:52:30 -- CON_DB::::Conected successfully to localhost/mysql:3308
13-11-2023 21:52:32 -- CON_DB::::Conected successfully to localhost/mysql:3308
13-11-2023 21:52:41 -- CON_DB::::Conected successfully to localhost/mysql:3308
13-11-2023 21:52:42 -- CON_DB::::Conected successfully to localhost/mysql:3308
13-11-2023 21:52:42 -- CON_DB::::Conected successfully to localhost/mysql:3308
13-11-2023 21:52:46 -- CON_DB::::Conected successfully to localhost/mysql:3308
13-11-2023 21:52:47 -- CON_DB::::Conected successfully to localhost/mysql:3308
13-11-2023 21:52:48 -- CON_DB::::Conected successfully to localhost/mysql:3308
13-11-2023 21:52:52 -- CON_DB::::Conected successfully to localhost/mysql:3308
13-11-2023 21:52:56 -- CON_DB::::Conected successfully to localhost/mysql:3308
13-11-2023 21:59:50 -- CON_DB::::Conected successfully to localhost/mysql:3308
13-11-2023 22:00:44 -- CON_DB::::Conected successfully to localhost/mysql:3308
13-11-2023 22:00:51 -- CON_DB::::Conected successfully to localhost/mysql:3308
13-11-2023 22:00:56 -- CON_DB::::Conected successfully to localhost/mysql:3308
13-11-2023 22:01:54 -- CON_DB::::Conected successfully to localhost/mysql:3308
13-11-2023 22:01:59 -- CON_DB::::Conected successfully to localhost/mysql:3308
13-11-2023 22:02:39 -- CON_DB::::Conected successfully to localhost/mysql:3308
13-11-2023 22:03:20 -- CON_DB::::Conected successfully to localhost/mysql:3308
13-11-2023 22:05:27 -- CON_DB::::Conected successfully to localhost/mysql:3308
13-11-2023 22:06:39 -- CON_DB::::Conected successfully to localhost/mysql:3308
13-11-2023 22:07:01 -- CON_DB::::Conected successfully to localhost/mysql:3308
13-11-2023 22:07:05 -- CON_DB::::Conected successfully to localhost/mysql:3308
13-11-2023 22:08:04 -- CON_DB::::Conected successfully to localhost/mysql:3308
13-11-2023 22:08:11 -- CON_DB::::Conected successfully to localhost/mysql:3308
13-11-2023 22:09:06 -- CON_DB::::Conected successfully to localhost/mysql:3308
13-11-2023 22:09:18 -- CON_DB::::Conected successfully to localhost/mysql:3308
13-11-2023 22:09:26 -- CON_DB::::Conected successfully to localhost/mysql:3308
13-11-2023 22:10:09 -- CON_DB::::Conected successfully to localhost/mysql:3308
13-11-2023 22:10:27 -- CON_DB::::Conected successfully to localhost/mysql:3308
13-11-2023 22:10:30 -- CON_DB::::Conected successfully to localhost/mysql:3308
13-11-2023 22:10:32 -- CON_DB::::Conected successfully to localhost/mysql:3308
13-11-2023 22:11:51 -- CON_DB::::Conected successfully to localhost/mysql:3308
13-11-2023 22:12:34 -- CON_DB::::Conected successfully to localhost/mysql:3308
13-11-2023 22:12:58 -- CON_DB::::Conected successfully to localhost/mysql:3308
13-11-2023 22:14:54 -- CON_DB::::Conected successfully to localhost/mysql:3308
13-11-2023 22:14:54 -- CON_DB::::Conected successfully to localhost/mysql:3308
13-11-2023 22:14:58 -- CON_DB::::Conected successfully to localhost/mysql:3308
13-11-2023 22:15:08 -- CON_DB::::Conected successfully to localhost/mysql:3308
13-11-2023 22:15:14 -- CON_DB::::Conected successfully to localhost/mysql:3308
13-11-2023 22:15:14 -- CON_DB::::Conected successfully to localhost/mysql:3308
13-11-2023 22:15:31 -- CON_DB::::Conected successfully to localhost/mysql:3308
13-11-2023 22:15:31 -- CON_DB::::Conected successfully to localhost/mysql:3308
13-11-2023 22:15:32 -- CON_DB::::Conected successfully to localhost/mysql:3308
13-11-2023 22:15:32 -- CON_DB::::Conected successfully to localhost/mysql:3308
13-11-2023 22:15:36 -- CON_DB::::Conected successfully to localhost/mysql:3308
13-11-2023 22:15:37 -- CON_DB::::Conected successfully to localhost/mysql:3308
13-11-2023 22:15:37 -- CON_DB::::Conected successfully to localhost/mysql:3308
13-11-2023 22:15:37 -- CON_DB::::Conected successfully to localhost/mysql:3308
13-11-2023 22:15:48 -- CON_DB::::Conected successfully to localhost/mysql:3308
13-11-2023 22:15:48 -- CON_DB::::Conected successfully to localhost/mysql:3308
13-11-2023 22:15:51 -- CON_DB::::Conected successfully to localhost/mysql:3308
13-11-2023 22:15:58 -- CON_DB::::Conected successfully to localhost/mysql:3308
13-11-2023 22:15:58 -- CON_DB::::Conected successfully to localhost/mysql:3308
13-11-2023 22:16:00 -- CON_DB::::Conected successfully to localhost/mysql:3308
13-11-2023 22:16:00 -- CON_DB::::Conected successfully to localhost/mysql:3308
13-11-2023 22:16:00 -- CON_DB::::Conected successfully to localhost/mysql:3308
13-11-2023 22:16:01 -- CON_DB::::Conected successfully to localhost/mysql:3308
13-11-2023 22:16:02 -- CON_DB::::Conected successfully to localhost/mysql:3308
13-11-2023 22:16:03 -- CON_DB::::Conected successfully to localhost/mysql:3308
13-11-2023 22:16:05 -- CON_DB::::Conected successfully to localhost/mysql:3308
13-11-2023 22:16:05 -- CON_DB::::Conected successfully to localhost/mysql:3308
13-11-2023 22:16:07 -- CON_DB::::Conected successfully to localhost/mysql:3308
13-11-2023 22:16:10 -- CON_DB::::Conected successfully to localhost/mysql:3308
13-11-2023 22:16:18 -- CON_DB::::Conected successfully to localhost/mysql:3308
13-11-2023 22:16:29 -- CON_DB::::Conected successfully to localhost/mysql:3308
13-11-2023 22:16:29 -- CON_DB::::Conected successfully to localhost/mysql:3308
13-11-2023 22:16:29 -- CON_DB::::Conected successfully to localhost/mysql:3308
13-11-2023 22:16:29 -- CON_DB::::Conected successfully to localhost/mysql:3308
13-11-2023 22:17:12 -- CON_DB::::Conected successfully to localhost/mysql:3308
13-11-2023 22:17:12 -- CON_DB::::Conected successfully to localhost/mysql:3308
13-11-2023 22:17:12 -- CON_DB::::Conected successfully to localhost/mysql:3308
13-11-2023 22:17:12 -- CON_DB::::Conected successfully to localhost/mysql:3308
13-11-2023 22:17:13 -- CON_DB::::Conected successfully to localhost/mysql:3308
13-11-2023 22:17:18 -- CON_DB::::Conected successfully to localhost/mysql:3308
13-11-2023 22:17:18 -- CON_DB::::Conected successfully to localhost/mysql:3308
13-11-2023 22:17:18 -- CON_DB::::Conected successfully to localhost/mysql:3308
13-11-2023 22:17:18 -- CON_DB::::Conected successfully to localhost/mysql:3308
13-11-2023 22:17:20 -- CON_DB::::Conected successfully to localhost/mysql:3308
13-11-2023 22:17:20 -- CON_DB::::Conected successfully to localhost/mysql:3308
13-11-2023 22:17:20 -- CON_DB::::Conected successfully to localhost/mysql:3308
13-11-2023 22:17:26 -- CON_DB::::Conected successfully to localhost/mysql:3308
13-11-2023 22:17:26 -- CON_DB::::Conected successfully to localhost/mysql:3308
13-11-2023 22:17:26 -- CON_DB::::Conected successfully to localhost/mysql:3308
13-11-2023 22:17:29 -- CON_DB::::Conected successfully to localhost/mysql:3308
13-11-2023 22:17:30 -- CON_DB::::Conected successfully to localhost/mysql:3308
13-11-2023 22:17:31 -- CON_DB::::Conected successfully to localhost/mysql:3308
13-11-2023 22:17:34 -- CON_DB::::Conected successfully to localhost/mysql:3308
13-11-2023 22:17:34 -- CON_DB::::Conected successfully to localhost/mysql:3308
13-11-2023 22:17:38 -- CON_DB::::Conected successfully to localhost/mysql:3308
13-11-2023 22:17:38 -- CON_DB::::Conected successfully to localhost/mysql:3308
13-11-2023 22:17:38 -- CON_DB::::Conected successfully to localhost/mysql:3308
13-11-2023 22:17:41 -- CON_DB::::Conected successfully to localhost/mysql:3308
13-11-2023 22:17:42 -- CON_DB::::Conected successfully to localhost/mysql:3308
13-11-2023 22:17:44 -- CON_DB::::Conected successfully to localhost/mysql:3308
13-11-2023 22:17:45 -- CON_DB::::Conected successfully to localhost/mysql:3308
13-11-2023 22:17:49 -- CON_DB::::Conected successfully to localhost/mysql:3308
13-11-2023 22:17:49 -- CON_DB::::Conected successfully to localhost/mysql:3308
13-11-2023 22:17:49 -- CON_DB::::Conected successfully to localhost/mysql:3308
13-11-2023 22:17:50 -- CON_DB::::Conected successfully to localhost/mysql:3308
13-11-2023 22:17:53 -- CON_DB::::Conected successfully to localhost/mysql:3308
13-11-2023 22:17:53 -- CON_DB::::Conected successfully to localhost/mysql:3308
13-11-2023 22:17:53 -- CON_DB::::Conected successfully to localhost/mysql:3308
13-11-2023 22:17:54 -- CON_DB::::Conected successfully to localhost/mysql:3308
13-11-2023 22:17:57 -- CON_DB::::Conected successfully to localhost/mysql:3308
13-11-2023 22:17:57 -- CON_DB::::Conected successfully to localhost/mysql:3308
13-11-2023 22:17:58 -- CON_DB::::Conected successfully to localhost/mysql:3308
13-11-2023 22:17:59 -- CON_DB::::Conected successfully to localhost/mysql:3308
13-11-2023 22:17:59 -- CON_DB::::Conected successfully to localhost/mysql:3308
13-11-2023 22:18:01 -- CON_DB::::Conected successfully to localhost/mysql:3308
13-11-2023 22:18:01 -- CON_DB::::Conected successfully to localhost/mysql:3308
13-11-2023 22:18:04 -- CON_DB::::Conected successfully to localhost/mysql:3308
13-11-2023 22:18:16 -- CON_DB::::Conected successfully to localhost/mysql:3308
13-11-2023 22:18:16 -- CON_DB::::Conected successfully to localhost/mysql:3308
13-11-2023 22:18:17 -- CON_DB::::Conected successfully to localhost/mysql:3308
13-11-2023 22:18:17 -- CON_DB::::Conected successfully to localhost/mysql:3308
13-11-2023 22:18:17 -- CON_DB::::Conected successfully to localhost/mysql:3308
13-11-2023 22:18:18 -- CON_DB::::Conected successfully to localhost/mysql:3308
13-11-2023 22:18:18 -- CON_DB::::Conected successfully to localhost/mysql:3308
13-11-2023 22:18:19 -- CON_DB::::Conected successfully to localhost/mysql:3308
13-11-2023 22:18:20 -- CON_DB::::Conected successfully to localhost/mysql:3308
13-11-2023 22:18:29 -- CON_DB::::Conected successfully to localhost/mysql:3308
13-11-2023 22:18:59 -- CON_DB::::Conected successfully to localhost/mysql:3308
13-11-2023 22:19:00 -- CON_DB::::Conected successfully to localhost/mysql:3308
13-11-2023 22:19:03 -- CON_DB::::Conected successfully to localhost/mysql:3308
13-11-2023 22:19:27 -- CON_DB::::Conected successfully to localhost/mysql:3308
13-11-2023 22:19:48 -- CON_DB::::Conected successfully to localhost/mysql:3308
13-11-2023 22:19:56 -- CON_DB::::Conected successfully to localhost/mysql:3308
13-11-2023 22:19:57 -- CON_DB::::Conected successfully to localhost/mysql:3308
13-11-2023 22:19:58 -- CON_DB::::Conected successfully to localhost/mysql:3308
13-11-2023 22:20:14 -- CON_DB::::Conected successfully to localhost/mysql:3308
13-11-2023 22:20:20 -- CON_DB::::Conected successfully to localhost/mysql:3308
13-11-2023 22:20:23 -- CON_DB::::Conected successfully to localhost/mysql:3308
13-11-2023 22:20:24 -- CON_DB::::Conected successfully to localhost/mysql:3308
13-11-2023 22:20:28 -- CON_DB::::Conected successfully to localhost/mysql:3308
13-11-2023 22:20:29 -- CON_DB::::Conected successfully to localhost/mysql:3308
13-11-2023 22:20:30 -- CON_DB::::Conected successfully to localhost/mysql:3308
13-11-2023 22:20:32 -- CON_DB::::Conected successfully to localhost/mysql:3308
13-11-2023 22:20:33 -- CON_DB::::Conected successfully to localhost/mysql:3308
13-11-2023 22:20:34 -- CON_DB::::Conected successfully to localhost/mysql:3308
13-11-2023 22:20:35 -- CON_DB::::Conected successfully to localhost/mysql:3308
13-11-2023 22:20:36 -- CON_DB::::Conected successfully to localhost/mysql:3308
13-11-2023 22:20:39 -- CON_DB::::Conected successfully to localhost/mysql:3308
13-11-2023 22:20:40 -- CON_DB::::Conected successfully to localhost/mysql:3308
13-11-2023 22:20:42 -- CON_DB::::Conected successfully to localhost/mysql:3308
13-11-2023 22:20:43 -- CON_DB::::Conected successfully to localhost/mysql:3308
13-11-2023 22:20:44 -- CON_DB::::Conected successfully to localhost/mysql:3308
13-11-2023 22:21:04 -- CON_DB::::Conected successfully to localhost/mysql:3308
13-11-2023 22:22:50 -- CON_DB::::Conected successfully to localhost/mysql:3308
13-11-2023 22:22:53 -- CON_DB::::Conected successfully to localhost/mysql:3308
13-11-2023 22:22:55 -- CON_DB::::Conected successfully to localhost/mysql:3308
13-11-2023 22:22:57 -- CON_DB::::Conected successfully to localhost/mysql:3308
13-11-2023 22:23:00 -- CON_DB::::Conected successfully to localhost/mysql:3308
13-11-2023 22:23:08 -- CON_DB::::Conected successfully to localhost/mysql:3308
13-11-2023 22:23:08 -- CON_DB::::Conected successfully to localhost/mysql:3308
13-11-2023 22:23:08 -- CON_DB::::Conected successfully to localhost/mysql:3308
13-11-2023 22:23:12 -- CON_DB::::Conected successfully to localhost/mysql:3308
13-11-2023 22:23:15 -- CON_DB::::Conected successfully to localhost/mysql:3308
13-11-2023 22:23:58 -- CON_DB::::Conected successfully to localhost/mysql:3308
13-11-2023 22:23:59 -- CON_DB::::Conected successfully to localhost/mysql:3308
13-11-2023 22:24:01 -- CON_DB::::Conected successfully to localhost/mysql:3308
13-11-2023 22:24:03 -- CON_DB::::Conected successfully to localhost/mysql:3308
13-11-2023 22:24:03 -- SQL:SEARCH::select idUser , username , password from userswhere idUser like :search OR like username like :search
13-11-2023 22:24:05 -- CON_DB::::Conected successfully to localhost/mysql:3308
13-11-2023 22:24:05 -- SQL:SEARCH::select idUser , username , password from userswhere idUser like :search OR like username like :search
13-11-2023 22:25:13 -- CON_DB::::Conected successfully to localhost/mysql:3308
13-11-2023 22:25:13 -- SQL:SEARCH::select idUser , username , password from users where idUser like :search OR like username like :search
13-11-2023 22:25:16 -- CON_DB::::Conected successfully to localhost/mysql:3308
13-11-2023 22:25:16 -- SQL:SEARCH::select idUser , username , password from users where idUser like :search OR like username like :search
13-11-2023 22:25:17 -- CON_DB::::Conected successfully to localhost/mysql:3308
13-11-2023 22:25:20 -- CON_DB::::Conected successfully to localhost/mysql:3308
13-11-2023 22:25:28 -- CON_DB::::Conected successfully to localhost/mysql:3308
13-11-2023 22:25:28 -- SQL:SEARCH::select idUser , username , password from users where idUser like :search OR like username like :search
13-11-2023 22:25:29 -- CON_DB::::Conected successfully to localhost/mysql:3308
13-11-2023 22:25:29 -- SQL:SEARCH::select idUser , username , password from users where idUser like :search OR like username like :search
13-11-2023 22:26:45 -- CON_DB::::Conected successfully to localhost/mysql:3308
13-11-2023 22:26:45 -- SQLERROR:SEARCH::select idUser , username , password from users where idUser like :search OR like username like :search --- SQLSTATE[42000]: Syntax error or access violation: 1064 You have an error in your SQL syntax; check the manual that corresponds to your MySQL server version for the right syntax to use near 'like username like '%gfddwe%'' at line 1
13-11-2023 22:28:07 -- CON_DB::::Conected successfully to localhost/mysql:3308
13-11-2023 22:28:09 -- CON_DB::::Conected successfully to localhost/mysql:3308
13-11-2023 22:28:13 -- CON_DB::::Conected successfully to localhost/mysql:3308
13-11-2023 22:28:14 -- CON_DB::::Conected successfully to localhost/mysql:3308
13-11-2023 22:28:16 -- CON_DB::::Conected successfully to localhost/mysql:3308
13-11-2023 22:28:16 -- CON_DB::::Conected successfully to localhost/mysql:3308
13-11-2023 22:28:18 -- CON_DB::::Conected successfully to localhost/mysql:3308
13-11-2023 22:28:19 -- CON_DB::::Conected successfully to localhost/mysql:3308
13-11-2023 22:28:20 -- CON_DB::::Conected successfully to localhost/mysql:3308
13-11-2023 22:28:22 -- CON_DB::::Conected successfully to localhost/mysql:3308
13-11-2023 22:28:38 -- CON_DB::::Conected successfully to localhost/mysql:3308
13-11-2023 22:38:28 -- CON_DB::::Failed to connect localhost/mysql:3308----SQLSTATE[HY000] [2002] No such file or directory
13-11-2023 22:38:28 -- CON_DB::::Failed to connect localhost/mysql:3308----SQLSTATE[HY000] [2002] No such file or directory
13-11-2023 22:38:30 -- CON_DB::::Failed to connect localhost/mysql:3308----SQLSTATE[HY000] [2002] No such file or directory
13-11-2023 22:38:30 -- CON_DB::::Failed to connect localhost/mysql:3308----SQLSTATE[HY000] [2002] No such file or directory
13-11-2023 22:39:58 -- CON_DB::::Conected successfully to pdb48.awardspace.net/mysql:3306
13-11-2023 22:40:01 -- CON_DB::::Conected successfully to pdb48.awardspace.net/mysql:3306
13-11-2023 22:40:03 -- CON_DB::::Conected successfully to pdb48.awardspace.net/mysql:3306
13-11-2023 22:40:03 -- CON_DB::::Conected successfully to pdb48.awardspace.net/mysql:3306
13-11-2023 22:40:04 -- CON_DB::::Conected successfully to pdb48.awardspace.net/mysql:3306
13-11-2023 22:40:05 -- CON_DB::::Conected successfully to pdb48.awardspace.net/mysql:3306
13-11-2023 22:40:05 -- CON_DB::::Conected successfully to pdb48.awardspace.net/mysql:3306
13-11-2023 22:40:05 -- CON_DB::::Conected successfully to pdb48.awardspace.net/mysql:3306
13-11-2023 22:40:06 -- CON_DB::::Conected successfully to pdb48.awardspace.net/mysql:3306
13-11-2023 22:40:06 -- CON_DB::::Conected successfully to pdb48.awardspace.net/mysql:3306
13-11-2023 22:40:07 -- CON_DB::::Conected successfully to pdb48.awardspace.net/mysql:3306
13-11-2023 22:40:11 -- CON_DB::::Conected successfully to pdb48.awardspace.net/mysql:3306
